<?xml version="1.0" encoding="UTF-8"?>
<!-- Generated by org.testng.reporters.JUnitReportReporter -->
<testsuite hostname="WGA0022ALDITEWQ" name="AppiumTest.AppiumTest.AppTest" tests="1" failures="0" timestamp="2 Mar 2018 04:32:16 GMT" time="0.007" errors="0">
  <testcase name="testApp" time="0.007" classname="AppiumTest.AppiumTest.AppTest"/>
</testsuite> <!-- AppiumTest.AppiumTest.AppTest -->
